0 info it worked if it ends with ok
1 verbose cli [ 'node',
1 verbose cli   '/usr/local/bin/npm',
1 verbose cli   'i',
1 verbose cli   'angular',
1 verbose cli   '2@2.0.0-alpha.44',
1 verbose cli   '--save',
1 verbose cli   '--save-exact' ]
2 info using npm@1.4.28
3 info using node@v0.10.34
4 warn package.json init@0.1.2 bugs['name'] should probably be bugs['url'].
5 verbose readDependencies using package.json deps
6 warn install Refusing to install angular as a dependency of itself
7 verbose cache add [ '2@2.0.0-alpha.44', null ]
8 verbose cache add name=undefined spec="2@2.0.0-alpha.44" args=["2@2.0.0-alpha.44",null]
9 verbose parsed url { protocol: null,
9 verbose parsed url   slashes: null,
9 verbose parsed url   auth: null,
9 verbose parsed url   host: null,
9 verbose parsed url   port: null,
9 verbose parsed url   hostname: null,
9 verbose parsed url   hash: null,
9 verbose parsed url   search: null,
9 verbose parsed url   query: null,
9 verbose parsed url   pathname: '2@2.0.0-alpha.44',
9 verbose parsed url   path: '2@2.0.0-alpha.44',
9 verbose parsed url   href: '2@2.0.0-alpha.44' }
10 verbose cache add name="2" spec="2.0.0-alpha.44" args=["2","2.0.0-alpha.44"]
11 verbose parsed url { protocol: null,
11 verbose parsed url   slashes: null,
11 verbose parsed url   auth: null,
11 verbose parsed url   host: null,
11 verbose parsed url   port: null,
11 verbose parsed url   hostname: null,
11 verbose parsed url   hash: null,
11 verbose parsed url   search: null,
11 verbose parsed url   query: null,
11 verbose parsed url   pathname: '2.0.0-alpha.44',
11 verbose parsed url   path: '2.0.0-alpha.44',
11 verbose parsed url   href: '2.0.0-alpha.44' }
12 verbose addNamed [ '2', '2.0.0-alpha.44' ]
13 verbose addNamed [ '2.0.0-alpha.44', '2.0.0-alpha.44' ]
14 silly lockFile 9785eaf5-2-2-0-0-alpha-44 2@2.0.0-alpha.44
15 verbose lock 2@2.0.0-alpha.44 /Users/jahansj/.npm/9785eaf5-2-2-0-0-alpha-44.lock
16 verbose request where is /2
17 verbose request registry https://registry.npmjs.org/
18 verbose request id 2c63ca214926aa0f
19 verbose url raw /2
20 verbose url resolving [ 'https://registry.npmjs.org/', './2' ]
21 verbose url resolved https://registry.npmjs.org/2
22 verbose request where is https://registry.npmjs.org/2
23 info trying registry request attempt 1 at 17:35:26
24 http GET https://registry.npmjs.org/2
25 http 200 https://registry.npmjs.org/2
26 silly registry.get cb [ 200,
26 silly registry.get   { server: 'CouchDB/1.5.0 (Erlang OTP/R16B03)',
26 silly registry.get     etag: '"1CSDRHZ422Q0JJN0G613ZHNCP"',
26 silly registry.get     'content-type': 'application/json',
26 silly registry.get     'cache-control': 'max-age=60',
26 silly registry.get     'content-length': '700',
26 silly registry.get     'accept-ranges': 'bytes',
26 silly registry.get     date: 'Tue, 03 Nov 2015 17:35:27 GMT',
26 silly registry.get     via: '1.1 varnish',
26 silly registry.get     age: '0',
26 silly registry.get     connection: 'keep-alive',
26 silly registry.get     'x-served-by': 'cache-lhr6326-LHR',
26 silly registry.get     'x-cache': 'MISS',
26 silly registry.get     'x-cache-hits': '0',
26 silly registry.get     'x-timer': 'S1446572127.270888,VS0,VE88',
26 silly registry.get     vary: 'Accept' } ]
27 silly lockFile 9785eaf5-2-2-0-0-alpha-44 2@2.0.0-alpha.44
28 silly lockFile 9785eaf5-2-2-0-0-alpha-44 2@2.0.0-alpha.44
29 error Error: version not found: 2@2.0.0-alpha.44
29 error     at /usr/local/lib/node_modules/npm/lib/cache/add-named.js:125:12
29 error     at saved (/usr/local/lib/node_modules/npm/node_modules/npm-registry-client/lib/get.js:167:7)
29 error     at Object.oncomplete (fs.js:108:15)
30 error If you need help, you may report this *entire* log,
30 error including the npm and node versions, at:
30 error     <http://github.com/npm/npm/issues>
31 error System Darwin 14.5.0
32 error command "node" "/usr/local/bin/npm" "i" "angular" "2@2.0.0-alpha.44" "--save" "--save-exact"
33 error cwd /Users/jahansj/Documents/tools/git-repos/arngular
34 error node -v v0.10.34
35 error npm -v 1.4.28
36 verbose exit [ 1, true ]
